[ERROR][2024-06-19 23:17:10.840][9429][main.cpp:9][main] hello world
[WARN] [2024-06-19 23:17:10.840][9429][main.cpp:10][main] hello world
[INFO] [2024-06-19 23:17:10.840][9429][main.cpp:11][main] hello world
[DEBUG][2024-06-19 23:17:10.840][9429][main.cpp:12][main] hello world
[TRACE][2024-06-19 23:17:10.840][9429][main.cpp:13][main] hello world
[ERROR][2024-06-19 23:17:10.840][9429][main.cpp:15][main] nihao
[WARN] [2024-06-19 23:17:10.840][9429][main.cpp:16][main] nihao
[INFO] [2024-06-19 23:17:10.840][9429][main.cpp:17][main] nihao
[DEBUG][2024-06-19 23:17:10.840][9429][main.cpp:18][main] nihao
[TRACE][2024-06-19 23:17:10.840][9429][main.cpp:19][main] nihao
[ERROR][2024-06-19 23:17:10.840][9429][main.cpp:9][main] hello world
[WARN] [2024-06-19 23:17:10.840][9429][main.cpp:10][main] hello world
[INFO] [2024-06-19 23:17:10.840][9429][main.cpp:11][main] hello world
[DEBUG][2024-06-19 23:17:10.840][9429][main.cpp:12][main] hello world
[TRACE][2024-06-19 23:17:10.840][9429][main.cpp:13][main] hello world
[ERROR][2024-06-19 23:17:10.840][9429][main.cpp:15][main] nihao
[WARN] [2024-06-19 23:17:10.840][9429][main.cpp:16][main] nihao
[INFO] [2024-06-19 23:17:10.840][9429][main.cpp:17][main] nihao
[DEBUG][2024-06-19 23:17:10.840][9429][main.cpp:18][main] nihao
[TRACE][2024-06-19 23:17:10.840][9429][main.cpp:19][main] nihao
[ERROR][2024-06-19 23:17:10.840][9429][main.cpp:9][main] hello world
[WARN] [2024-06-19 23:17:10.840][9429][main.cpp:10][main] hello world
[INFO] [2024-06-19 23:17:10.840][9429][main.cpp:11][main] hello world
[DEBUG][2024-06-19 23:17:10.840][9429][main.cpp:12][main] hello world
[TRACE][2024-06-19 23:17:10.840][9429][main.cpp:13][main] hello world
[ERROR][2024-06-19 23:17:10.840][9429][main.cpp:15][main] nihao
[WARN] [2024-06-19 23:17:10.840][9429][main.cpp:16][main] nihao
[INFO] [2024-06-19 23:17:10.840][9429][main.cpp:17][main] nihao
[DEBUG][2024-06-19 23:17:10.840][9429][main.cpp:18][main] nihao
[TRACE][2024-06-19 23:17:10.840][9429][main.cpp:19][main] nihao
[ERROR][2024-06-19 23:17:10.840][9429][main.cpp:9][main] hello world
[WARN] [2024-06-19 23:17:10.840][9429][main.cpp:10][main] hello world
[INFO] [2024-06-19 23:17:10.840][9429][main.cpp:11][main] hello world
[DEBUG][2024-06-19 23:17:10.840][9429][main.cpp:12][main] hello world
[TRACE][2024-06-19 23:17:10.840][9429][main.cpp:13][main] hello world
[ERROR][2024-06-19 23:17:10.840][9429][main.cpp:15][main] nihao
[WARN] [2024-06-19 23:17:10.840][9429][main.cpp:16][main] nihao
[INFO] [2024-06-19 23:17:10.840][9429][main.cpp:17][main] nihao
[DEBUG][2024-06-19 23:17:10.840][9429][main.cpp:18][main] nihao
[TRACE][2024-06-19 23:17:10.840][9429][main.cpp:19][main] nihao
[ERROR][2024-06-19 23:17:10.840][9429][main.cpp:9][main] hello world
[WARN] [2024-06-19 23:17:10.840][9429][main.cpp:10][main] hello world
[INFO] [2024-06-19 23:17:10.840][9429][main.cpp:11][main] hello world
[DEBUG][2024-06-19 23:17:10.840][9429][main.cpp:12][main] hello world
[TRACE][2024-06-19 23:17:10.840][9429][main.cpp:13][main] hello world
[ERROR][2024-06-19 23:17:10.840][9429][main.cpp:15][main] nihao
[WARN] [2024-06-19 23:17:10.840][9429][main.cpp:16][main] nihao
[INFO] [2024-06-19 23:17:10.840][9429][main.cpp:17][main] nihao
[DEBUG][2024-06-19 23:17:10.840][9429][main.cpp:18][main] nihao
[TRACE][2024-06-19 23:17:10.840][9429][main.cpp:19][main] nihao
[ERROR][2024-06-19 23:17:10.840][9429][main.cpp:9][main] hello world
[WARN] [2024-06-19 23:17:10.840][9429][main.cpp:10][main] hello world
[INFO] [2024-06-19 23:17:10.840][9429][main.cpp:11][main] hello world
[DEBUG][2024-06-19 23:17:10.840][9429][main.cpp:12][main] hello world
[TRACE][2024-06-19 23:17:10.840][9429][main.cpp:13][main] hello world
[ERROR][2024-06-19 23:17:10.840][9429][main.cpp:15][main] nihao
[WARN] [2024-06-19 23:17:10.840][9429][main.cpp:16][main] nihao
[INFO] [2024-06-19 23:17:10.840][9429][main.cpp:17][main] nihao
[DEBUG][2024-06-19 23:17:10.840][9429][main.cpp:18][main] nihao
[TRACE][2024-06-19 23:17:10.840][9429][main.cpp:19][main] nihao
[ERROR][2024-06-19 23:17:10.840][9429][main.cpp:9][main] hello world
[WARN] [2024-06-19 23:17:10.840][9429][main.cpp:10][main] hello world
[INFO] [2024-06-19 23:17:10.840][9429][main.cpp:11][main] hello world
[DEBUG][2024-06-19 23:17:10.840][9429][main.cpp:12][main] hello world
[TRACE][2024-06-19 23:17:10.840][9429][main.cpp:13][main] hello world
[ERROR][2024-06-19 23:17:10.840][9429][main.cpp:15][main] nihao
[WARN] [2024-06-19 23:17:10.840][9429][main.cpp:16][main] nihao
[INFO] [2024-06-19 23:17:10.840][9429][main.cpp:17][main] nihao
[DEBUG][2024-06-19 23:17:10.840][9429][main.cpp:18][main] nihao
[TRACE][2024-06-19 23:17:10.840][9429][main.cpp:19][main] nihao
[ERROR][2024-06-19 23:17:10.840][9429][main.cpp:9][main] hello world
[WARN] [2024-06-19 23:17:10.840][9429][main.cpp:10][main] hello world
[INFO] [2024-06-19 23:17:10.840][9429][main.cpp:11][main] hello world
[DEBUG][2024-06-19 23:17:10.840][9429][main.cpp:12][main] hello world
[TRACE][2024-06-19 23:17:10.840][9429][main.cpp:13][main] hello world
[ERROR][2024-06-19 23:17:10.840][9429][main.cpp:15][main] nihao
[WARN] [2024-06-19 23:17:10.840][9429][main.cpp:16][main] nihao
[INFO] [2024-06-19 23:17:10.840][9429][main.cpp:17][main] nihao
[DEBUG][2024-06-19 23:17:10.840][9429][main.cpp:18][main] nihao
[TRACE][2024-06-19 23:17:10.840][9429][main.cpp:19][main] nihao
[ERROR][2024-06-19 23:17:10.840][9429][main.cpp:9][main] hello world
[WARN] [2024-06-19 23:17:10.840][9429][main.cpp:10][main] hello world
[INFO] [2024-06-19 23:17:10.840][9429][main.cpp:11][main] hello world
[DEBUG][2024-06-19 23:17:10.840][9429][main.cpp:12][main] hello world
[TRACE][2024-06-19 23:17:10.840][9429][main.cpp:13][main] hello world
[ERROR][2024-06-19 23:17:10.840][9429][main.cpp:15][main] nihao
[WARN] [2024-06-19 23:17:10.840][9429][main.cpp:16][main] nihao
[INFO] [2024-06-19 23:17:10.840][9429][main.cpp:17][main] nihao
[DEBUG][2024-06-19 23:17:10.840][9429][main.cpp:18][main] nihao
[TRACE][2024-06-19 23:17:10.840][9429][main.cpp:19][main] nihao
[ERROR][2024-06-19 23:17:10.840][9429][main.cpp:9][main] hello world
[WARN] [2024-06-19 23:17:10.840][9429][main.cpp:10][main] hello world
[INFO] [2024-06-19 23:17:10.840][9429][main.cpp:11][main] hello world
[DEBUG][2024-06-19 23:17:10.840][9429][main.cpp:12][main] hello world
[TRACE][2024-06-19 23:17:10.840][9429][main.cpp:13][main] hello world
[ERROR][2024-06-19 23:17:10.840][9429][main.cpp:15][main] nihao
[WARN] [2024-06-19 23:17:10.840][9429][main.cpp:16][main] nihao
[INFO] [2024-06-19 23:17:10.840][9429][main.cpp:17][main] nihao
[DEBUG][2024-06-19 23:17:10.840][9429][main.cpp:18][main] nihao
[TRACE][2024-06-19 23:17:10.840][9429][main.cpp:19][main] nihao
