[ERROR][2024-07-06 14:08:07.399][120630][./main.cpp:11][main] hello world
[WARN] [2024-07-06 14:08:07.399][120630][./main.cpp:12][main] hello world
[INFO] [2024-07-06 14:08:07.399][120630][./main.cpp:13][main] hello world
[DEBUG][2024-07-06 14:08:07.399][120630][./main.cpp:14][main] hello world
[TRACE][2024-07-06 14:08:07.399][120630][./main.cpp:15][main] hello world
[ERROR][2024-07-06 14:08:07.399][120630][./main.cpp:17][main] nihao
[WARN] [2024-07-06 14:08:07.399][120630][./main.cpp:18][main] nihao
[INFO] [2024-07-06 14:08:07.399][120630][./main.cpp:19][main] nihao
[DEBUG][2024-07-06 14:08:07.399][120630][./main.cpp:20][main] nihao
[TRACE][2024-07-06 14:08:07.399][120630][./main.cpp:21][main] nihao
[ERROR][2024-07-06 14:08:07.399][120630][./print.cpp:5][print] print
[ERROR][2024-07-06 14:08:07.399][120630][./main.cpp:11][main] hello world
[WARN] [2024-07-06 14:08:07.399][120630][./main.cpp:12][main] hello world
[INFO] [2024-07-06 14:08:07.399][120630][./main.cpp:13][main] hello world
[DEBUG][2024-07-06 14:08:07.399][120630][./main.cpp:14][main] hello world
[TRACE][2024-07-06 14:08:07.399][120630][./main.cpp:15][main] hello world
[ERROR][2024-07-06 14:08:07.399][120630][./main.cpp:17][main] nihao
[WARN] [2024-07-06 14:08:07.399][120630][./main.cpp:18][main] nihao
[INFO] [2024-07-06 14:08:07.399][120630][./main.cpp:19][main] nihao
[DEBUG][2024-07-06 14:08:07.399][120630][./main.cpp:20][main] nihao
[TRACE][2024-07-06 14:08:07.399][120630][./main.cpp:21][main] nihao
[ERROR][2024-07-06 14:08:07.399][120630][./print.cpp:5][print] print
[ERROR][2024-07-06 14:08:07.399][120630][./main.cpp:11][main] hello world
[WARN] [2024-07-06 14:08:07.399][120630][./main.cpp:12][main] hello world
[INFO] [2024-07-06 14:08:07.399][120630][./main.cpp:13][main] hello world
[DEBUG][2024-07-06 14:08:07.399][120630][./main.cpp:14][main] hello world
[TRACE][2024-07-06 14:08:07.399][120630][./main.cpp:15][main] hello world
[ERROR][2024-07-06 14:08:07.399][120630][./main.cpp:17][main] nihao
[WARN] [2024-07-06 14:08:07.399][120630][./main.cpp:18][main] nihao
[INFO] [2024-07-06 14:08:07.399][120630][./main.cpp:19][main] nihao
[DEBUG][2024-07-06 14:08:07.399][120630][./main.cpp:20][main] nihao
[TRACE][2024-07-06 14:08:07.399][120630][./main.cpp:21][main] nihao
[ERROR][2024-07-06 14:08:07.399][120630][./print.cpp:5][print] print
[ERROR][2024-07-06 14:08:07.399][120630][./main.cpp:11][main] hello world
[WARN] [2024-07-06 14:08:07.399][120630][./main.cpp:12][main] hello world
[INFO] [2024-07-06 14:08:07.399][120630][./main.cpp:13][main] hello world
[DEBUG][2024-07-06 14:08:07.399][120630][./main.cpp:14][main] hello world
[TRACE][2024-07-06 14:08:07.399][120630][./main.cpp:15][main] hello world
[ERROR][2024-07-06 14:08:07.399][120630][./main.cpp:17][main] nihao
[WARN] [2024-07-06 14:08:07.399][120630][./main.cpp:18][main] nihao
[INFO] [2024-07-06 14:08:07.399][120630][./main.cpp:19][main] nihao
[DEBUG][2024-07-06 14:08:07.399][120630][./main.cpp:20][main] nihao
[TRACE][2024-07-06 14:08:07.399][120630][./main.cpp:21][main] nihao
[ERROR][2024-07-06 14:08:07.399][120630][./print.cpp:5][print] print
[ERROR][2024-07-06 14:08:07.399][120630][./main.cpp:11][main] hello world
[WARN] [2024-07-06 14:08:07.399][120630][./main.cpp:12][main] hello world
[INFO] [2024-07-06 14:08:07.399][120630][./main.cpp:13][main] hello world
[DEBUG][2024-07-06 14:08:07.399][120630][./main.cpp:14][main] hello world
[TRACE][2024-07-06 14:08:07.399][120630][./main.cpp:15][main] hello world
[ERROR][2024-07-06 14:08:07.399][120630][./main.cpp:17][main] nihao
[WARN] [2024-07-06 14:08:07.399][120630][./main.cpp:18][main] nihao
[INFO] [2024-07-06 14:08:07.399][120630][./main.cpp:19][main] nihao
[DEBUG][2024-07-06 14:08:07.399][120630][./main.cpp:20][main] nihao
[TRACE][2024-07-06 14:08:07.399][120630][./main.cpp:21][main] nihao
[ERROR][2024-07-06 14:08:07.399][120630][./print.cpp:5][print] print
[ERROR][2024-07-06 14:08:07.399][120630][./main.cpp:11][main] hello world
[WARN] [2024-07-06 14:08:07.399][120630][./main.cpp:12][main] hello world
[INFO] [2024-07-06 14:08:07.399][120630][./main.cpp:13][main] hello world
[DEBUG][2024-07-06 14:08:07.399][120630][./main.cpp:14][main] hello world
[TRACE][2024-07-06 14:08:07.399][120630][./main.cpp:15][main] hello world
[ERROR][2024-07-06 14:08:07.399][120630][./main.cpp:17][main] nihao
[WARN] [2024-07-06 14:08:07.399][120630][./main.cpp:18][main] nihao
[INFO] [2024-07-06 14:08:07.399][120630][./main.cpp:19][main] nihao
[DEBUG][2024-07-06 14:08:07.399][120630][./main.cpp:20][main] nihao
[TRACE][2024-07-06 14:08:07.399][120630][./main.cpp:21][main] nihao
[ERROR][2024-07-06 14:08:07.399][120630][./print.cpp:5][print] print
[ERROR][2024-07-06 14:08:07.399][120630][./main.cpp:11][main] hello world
[WARN] [2024-07-06 14:08:07.399][120630][./main.cpp:12][main] hello world
[INFO] [2024-07-06 14:08:07.399][120630][./main.cpp:13][main] hello world
[DEBUG][2024-07-06 14:08:07.399][120630][./main.cpp:14][main] hello world
[TRACE][2024-07-06 14:08:07.399][120630][./main.cpp:15][main] hello world
[ERROR][2024-07-06 14:08:07.399][120630][./main.cpp:17][main] nihao
[WARN] [2024-07-06 14:08:07.399][120630][./main.cpp:18][main] nihao
[INFO] [2024-07-06 14:08:07.399][120630][./main.cpp:19][main] nihao
[DEBUG][2024-07-06 14:08:07.399][120630][./main.cpp:20][main] nihao
[TRACE][2024-07-06 14:08:07.399][120630][./main.cpp:21][main] nihao
[ERROR][2024-07-06 14:08:07.399][120630][./print.cpp:5][print] print
[ERROR][2024-07-06 14:08:07.399][120630][./main.cpp:11][main] hello world
[WARN] [2024-07-06 14:08:07.399][120630][./main.cpp:12][main] hello world
[INFO] [2024-07-06 14:08:07.399][120630][./main.cpp:13][main] hello world
[DEBUG][2024-07-06 14:08:07.399][120630][./main.cpp:14][main] hello world
[TRACE][2024-07-06 14:08:07.399][120630][./main.cpp:15][main] hello world
[ERROR][2024-07-06 14:08:07.399][120630][./main.cpp:17][main] nihao
[WARN] [2024-07-06 14:08:07.399][120630][./main.cpp:18][main] nihao
[INFO] [2024-07-06 14:08:07.399][120630][./main.cpp:19][main] nihao
[DEBUG][2024-07-06 14:08:07.399][120630][./main.cpp:20][main] nihao
[TRACE][2024-07-06 14:08:07.399][120630][./main.cpp:21][main] nihao
[ERROR][2024-07-06 14:08:07.399][120630][./print.cpp:5][print] print
[ERROR][2024-07-06 14:08:07.399][120630][./main.cpp:11][main] hello world
[WARN] [2024-07-06 14:08:07.400][120630][./main.cpp:12][main] hello world
[INFO] [2024-07-06 14:08:07.400][120630][./main.cpp:13][main] hello world
[DEBUG][2024-07-06 14:08:07.400][120630][./main.cpp:14][main] hello world
[TRACE][2024-07-06 14:08:07.400][120630][./main.cpp:15][main] hello world
[ERROR][2024-07-06 14:08:07.400][120630][./main.cpp:17][main] nihao
[WARN] [2024-07-06 14:08:07.400][120630][./main.cpp:18][main] nihao
[INFO] [2024-07-06 14:08:07.400][120630][./main.cpp:19][main] nihao
[DEBUG][2024-07-06 14:08:07.400][120630][./main.cpp:20][main] nihao
[TRACE][2024-07-06 14:08:07.400][120630][./main.cpp:21][main] nihao
[ERROR][2024-07-06 14:08:07.400][120630][./print.cpp:5][print] print
[ERROR][2024-07-06 14:08:07.400][120630][./main.cpp:11][main] hello world
[WARN] [2024-07-06 14:08:07.400][120630][./main.cpp:12][main] hello world
[INFO] [2024-07-06 14:08:07.400][120630][./main.cpp:13][main] hello world
[DEBUG][2024-07-06 14:08:07.400][120630][./main.cpp:14][main] hello world
[TRACE][2024-07-06 14:08:07.400][120630][./main.cpp:15][main] hello world
[ERROR][2024-07-06 14:08:07.400][120630][./main.cpp:17][main] nihao
[WARN] [2024-07-06 14:08:07.400][120630][./main.cpp:18][main] nihao
[INFO] [2024-07-06 14:08:07.400][120630][./main.cpp:19][main] nihao
[DEBUG][2024-07-06 14:08:07.400][120630][./main.cpp:20][main] nihao
[TRACE][2024-07-06 14:08:07.400][120630][./main.cpp:21][main] nihao
[ERROR][2024-07-06 14:08:07.400][120630][./print.cpp:5][print] print
